2025-10-17T14:20:18.474+09:00  INFO 12216 --- [ex-ch03] [restartedMain] com.kim.ExCh03Application       : Starting ExCh03Application using Java 21.0.8 with PID 12216 (D:\s07_java\ex-ch03\build\classes\java\main started by YONSAI in D:\s07_java\ex-ch03)
2025-10-17T14:20:18.476+09:00  INFO 12216 --- [ex-ch03] [restartedMain] com.kim.ExCh03Application       : No active profile set, falling back to 1 default profile: "default"
2025-10-17T14:20:18.504+09:00  INFO 12216 --- [ex-ch03] [restartedMain] .e.DevToolsPropertyDefaultsPostProcessor : Devtools property defaults active! Set 'spring.devtools.add-properties' to 'false' to disable
2025-10-17T14:20:18.504+09:00  INFO 12216 --- [ex-ch03] [restartedMain] .e.DevToolsPropertyDefaultsPostProcessor : For additional web related logging consider setting the 'logging.level.web' property to 'DEBUG'
2025-10-17T14:20:19.112+09:00  INFO 12216 --- [ex-ch03] [restartedMain] o.s.b.w.embedded.tomcat.TomcatWebServer  : Tomcat initialized with port 8090 (http)
2025-10-17T14:20:19.117+09:00  INFO 12216 --- [ex-ch03] [restartedMain] o.apache.catalina.core.StandardService   : Starting service [Tomcat]
2025-10-17T14:20:19.117+09:00  INFO 12216 --- [ex-ch03] [restartedMain] o.apache.catalina.core.StandardEngine    : Starting Servlet engine: [Apache Tomcat/10.1.46]
2025-10-17T14:20:19.145+09:00  INFO 12216 --- [ex-ch03] [restartedMain] o.a.c.c.C.[Tomcat].[localhost].[/]       : Initializing Spring embedded WebApplicationContext
2025-10-17T14:20:19.145+09:00  INFO 12216 --- [ex-ch03] [restartedMain] w.s.c.ServletWebServerApplicationContext : Root WebApplicationContext: initialization completed in 641 ms
2025-10-17T14:20:19.238+09:00  INFO 12216 --- [ex-ch03] [restartedMain] o.s.b.a.w.s.WelcomePageHandlerMapping    : Adding welcome page: class path resource [static/index.html]
2025-10-17T14:20:19.404+09:00  INFO 12216 --- [ex-ch03] [restartedMain] o.s.b.d.a.OptionalLiveReloadServer       : LiveReload server is running on port 35729
2025-10-17T14:20:19.422+09:00  INFO 12216 --- [ex-ch03] [restartedMain] o.s.b.w.embedded.tomcat.TomcatWebServer  : Tomcat started on port 8090 (http) with context path '/'
2025-10-17T14:20:19.427+09:00  INFO 12216 --- [ex-ch03] [restartedMain] com.kim.ExCh03Application       : Started ExCh03Application in 1.215 seconds (process running for 1.573)
2025-10-17T14:20:27.999+09:00  INFO 12216 --- [ex-ch03] [http-nio-8090-exec-2] o.a.c.c.C.[Tomcat].[localhost].[/]       : Initializing Spring DispatcherServlet 'dispatcherServlet'
2025-10-17T14:20:27.999+09:00  INFO 12216 --- [ex-ch03] [http-nio-8090-exec-2] o.s.web.servlet.DispatcherServlet        : Initializing Servlet 'dispatcherServlet'
2025-10-17T14:20:28.000+09:00  INFO 12216 --- [ex-ch03] [http-nio-8090-exec-2] o.s.web.servlet.DispatcherServlet        : Completed initialization in 1 ms
2025-10-17T14:51:39.915+09:00  INFO 12216 --- [ex-ch03] [SpringApplicationShutdownHook] o.s.b.w.e.tomcat.GracefulShutdown        : Commencing graceful shutdown. Waiting for active requests to complete
2025-10-17T14:51:39.915+09:00  INFO 12216 --- [ex-ch03] [tomcat-shutdown] o.s.b.w.e.tomcat.GracefulShutdown        : Graceful shutdown complete
2025-10-17T17:06:50.064+09:00  INFO 17416 --- [ex-ch03] [restartedMain] com.kim.ExCh03Application       : Starting ExCh03Application using Java 21.0.8 with PID 17416 (D:\s07_java\ex-ch03\build\classes\java\main started by YONSAI in D:\s07_java\ex-ch03)
2025-10-17T17:06:50.068+09:00  INFO 17416 --- [ex-ch03] [restartedMain] com.kim.ExCh03Application       : No active profile set, falling back to 1 default profile: "default"
2025-10-17T17:06:50.094+09:00  INFO 17416 --- [ex-ch03] [restartedMain] .e.DevToolsPropertyDefaultsPostProcessor : Devtools property defaults active! Set 'spring.devtools.add-properties' to 'false' to disable
2025-10-17T17:06:50.094+09:00  INFO 17416 --- [ex-ch03] [restartedMain] .e.DevToolsPropertyDefaultsPostProcessor : For additional web related logging consider setting the 'logging.level.web' property to 'DEBUG'
2025-10-17T17:06:50.647+09:00  INFO 17416 --- [ex-ch03] [restartedMain] o.s.b.w.embedded.tomcat.TomcatWebServer  : Tomcat initialized with port 8090 (http)
2025-10-17T17:06:50.656+09:00  INFO 17416 --- [ex-ch03] [restartedMain] o.apache.catalina.core.StandardService   : Starting service [Tomcat]
2025-10-17T17:06:50.656+09:00  INFO 17416 --- [ex-ch03] [restartedMain] o.apache.catalina.core.StandardEngine    : Starting Servlet engine: [Apache Tomcat/10.1.46]
2025-10-17T17:06:50.682+09:00  INFO 17416 --- [ex-ch03] [restartedMain] o.a.c.c.C.[Tomcat].[localhost].[/]       : Initializing Spring embedded WebApplicationContext
2025-10-17T17:06:50.682+09:00  INFO 17416 --- [ex-ch03] [restartedMain] w.s.c.ServletWebServerApplicationContext : Root WebApplicationContext: initialization completed in 588 ms
2025-10-17T17:06:50.745+09:00  INFO 17416 --- [ex-ch03] [restartedMain] o.s.b.a.w.s.WelcomePageHandlerMapping    : Adding welcome page: class path resource [static/index.html]
2025-10-17T17:06:50.914+09:00  INFO 17416 --- [ex-ch03] [restartedMain] o.s.b.d.a.OptionalLiveReloadServer       : LiveReload server is running on port 35729
2025-10-17T17:06:50.934+09:00  INFO 17416 --- [ex-ch03] [restartedMain] o.s.b.w.embedded.tomcat.TomcatWebServer  : Tomcat started on port 8090 (http) with context path '/'
2025-10-17T17:06:50.940+09:00  INFO 17416 --- [ex-ch03] [restartedMain] com.kim.ExCh03Application       : Started ExCh03Application in 1.142 seconds (process running for 1.501)
2025-10-17T17:07:00.212+09:00  INFO 17416 --- [ex-ch03] [http-nio-8090-exec-1] o.a.c.c.C.[Tomcat].[localhost].[/]       : Initializing Spring DispatcherServlet 'dispatcherServlet'
2025-10-17T17:07:00.212+09:00  INFO 17416 --- [ex-ch03] [http-nio-8090-exec-1] o.s.web.servlet.DispatcherServlet        : Initializing Servlet 'dispatcherServlet'
2025-10-17T17:07:00.212+09:00  INFO 17416 --- [ex-ch03] [http-nio-8090-exec-1] o.s.web.servlet.DispatcherServlet        : Completed initialization in 0 ms
2025-10-17T17:08:33.933+09:00  INFO 17416 --- [ex-ch03] [File Watcher] rtingClassPathChangeChangedEventListener : Restarting due to 7 class path changes (0 additions, 0 deletions, 7 modifications)
2025-10-17T17:08:33.938+09:00  INFO 17416 --- [ex-ch03] [Thread-7] o.s.b.w.e.tomcat.GracefulShutdown        : Commencing graceful shutdown. Waiting for active requests to complete
2025-10-17T17:08:33.938+09:00  INFO 17416 --- [ex-ch03] [tomcat-shutdown] o.s.b.w.e.tomcat.GracefulShutdown        : Graceful shutdown complete
2025-10-17T17:08:34.004+09:00  INFO 17416 --- [ex-ch03] [restartedMain] com.kim.ExCh03Application       : Starting ExCh03Application using Java 21.0.8 with PID 17416 (D:\s07_java\ex-ch03\build\classes\java\main started by YONSAI in D:\s07_java\ex-ch03)
2025-10-17T17:08:34.004+09:00  INFO 17416 --- [ex-ch03] [restartedMain] com.kim.ExCh03Application       : No active profile set, falling back to 1 default profile: "default"
2025-10-17T17:08:34.163+09:00  INFO 17416 --- [ex-ch03] [restartedMain] o.s.b.w.embedded.tomcat.TomcatWebServer  : Tomcat initialized with port 8090 (http)
2025-10-17T17:08:34.165+09:00  INFO 17416 --- [ex-ch03] [restartedMain] o.apache.catalina.core.StandardService   : Starting service [Tomcat]
2025-10-17T17:08:34.165+09:00  INFO 17416 --- [ex-ch03] [restartedMain] o.apache.catalina.core.StandardEngine    : Starting Servlet engine: [Apache Tomcat/10.1.46]
2025-10-17T17:08:34.174+09:00  INFO 17416 --- [ex-ch03] [restartedMain] o.a.c.c.C.[Tomcat].[localhost].[/]       : Initializing Spring embedded WebApplicationContext
2025-10-17T17:08:34.176+09:00  INFO 17416 --- [ex-ch03] [restartedMain] w.s.c.ServletWebServerApplicationContext : Root WebApplicationContext: initialization completed in 170 ms
2025-10-17T17:08:34.195+09:00  INFO 17416 --- [ex-ch03] [restartedMain] o.s.b.a.w.s.WelcomePageHandlerMapping    : Adding welcome page: class path resource [static/index.html]
2025-10-17T17:08:34.234+09:00  INFO 17416 --- [ex-ch03] [restartedMain] o.s.b.d.a.OptionalLiveReloadServer       : LiveReload server is running on port 35729
2025-10-17T17:08:34.240+09:00  INFO 17416 --- [ex-ch03] [restartedMain] o.s.b.w.embedded.tomcat.TomcatWebServer  : Tomcat started on port 8090 (http) with context path '/'
2025-10-17T17:08:34.241+09:00  INFO 17416 --- [ex-ch03] [restartedMain] com.kim.ExCh03Application       : Started ExCh03Application in 0.263 seconds (process running for 104.803)
2025-10-17T17:08:34.242+09:00  INFO 17416 --- [ex-ch03] [restartedMain] .ConditionEvaluationDeltaLoggingListener : Condition evaluation unchanged
2025-10-17T17:08:42.575+09:00  INFO 17416 --- [ex-ch03] [http-nio-8090-exec-1] o.a.c.c.C.[Tomcat].[localhost].[/]       : Initializing Spring DispatcherServlet 'dispatcherServlet'
2025-10-17T17:08:42.575+09:00  INFO 17416 --- [ex-ch03] [http-nio-8090-exec-1] o.s.web.servlet.DispatcherServlet        : Initializing Servlet 'dispatcherServlet'
2025-10-17T17:08:42.575+09:00  INFO 17416 --- [ex-ch03] [http-nio-8090-exec-1] o.s.web.servlet.DispatcherServlet        : Completed initialization in 0 ms
2025-10-17T17:38:22.899+09:00  INFO 17416 --- [ex-ch03] [SpringApplicationShutdownHook] o.s.b.w.e.tomcat.GracefulShutdown        : Commencing graceful shutdown. Waiting for active requests to complete
2025-10-17T17:38:22.899+09:00  INFO 17416 --- [ex-ch03] [tomcat-shutdown] o.s.b.w.e.tomcat.GracefulShutdown        : Graceful shutdown complete
